# JRE version: Java(TM) SE Runtime Environment (8.0_201-b09) (build 1.8.0_201-b09)
# Java VM: Java HotSpot(TM) 64-Bit Server VM (25.201-b09 mixed mode windows-amd64 compressed oops)
Heap:
 PSYoungGen      total 38400K, used 32573K [0x00000000d5f80000, 0x00000000d8f00000, 0x0000000100000000)
  eden space 33280K, 82% used [0x00000000d5f80000,0x00000000d7a57790,0x00000000d8000000)
  from space 5120K, 99% used [0x00000000d8000000,0x00000000d84f8020,0x00000000d8500000)
  to   space 5120K, 0% used [0x00000000d8a00000,0x00000000d8a00000,0x00000000d8f00000)
 ParOldGen       total 67584K, used 10837K [0x0000000081e00000, 0x0000000086000000, 0x00000000d5f80000)
  object space 67584K, 16% used [0x0000000081e00000,0x0000000082895408,0x0000000086000000)
 Metaspace       used 25438K, capacity 26318K, committed 26496K, reserved 1071104K
  class space    used 3676K, capacity 3877K, committed 3968K, reserved 1048576K
GC Heap History (8 events):
Event: 1.556 GC heap before
{Heap before GC invocations=1 (full 0):
 PSYoungGen      total 38400K, used 33280K [0x00000000d5f80000, 0x00000000d8a00000, 0x0000000100000000)
  eden space 33280K, 100% used [0x00000000d5f80000,0x00000000d8000000,0x00000000d8000000)
  from space 5120K, 0% used [0x00000000d8500000,0x00000000d8500000,0x00000000d8a00000)
  to   space 5120K, 0% used [0x00000000d8000000,0x00000000d8000000,0x00000000d8500000)
 ParOldGen       total 87552K, used 0K [0x0000000081e00000, 0x0000000087380000, 0x00000000d5f80000)
  object space 87552K, 0% used [0x0000000081e00000,0x0000000081e00000,0x0000000087380000)
 Metaspace       used 11897K, capacity 12256K, committed 12544K, reserved 1060864K
  class space    used 1601K, capacity 1736K, committed 1792K, reserved 1048576K
Event: 1.563 GC heap after
Heap after GC invocations=1 (full 0):
 PSYoungGen      total 38400K, used 5114K [0x00000000d5f80000, 0x00000000d8a00000, 0x0000000100000000)
  eden space 33280K, 0% used [0x00000000d5f80000,0x00000000d5f80000,0x00000000d8000000)
  from space 5120K, 99% used [0x00000000d8000000,0x00000000d84feb00,0x00000000d8500000)
  to   space 5120K, 0% used [0x00000000d8500000,0x00000000d8500000,0x00000000d8a00000)
 ParOldGen       total 87552K, used 625K [0x0000000081e00000, 0x0000000087380000, 0x00000000d5f80000)
  object space 87552K, 0% used [0x0000000081e00000,0x0000000081e9c568,0x0000000087380000)
 Metaspace       used 11897K, capacity 12256K, committed 12544K, reserved 1060864K
  class space    used 1601K, capacity 1736K, committed 1792K, reserved 1048576K
}
Event: 2.563 GC heap before
{Heap before GC invocations=2 (full 0):
 PSYoungGen      total 38400K, used 30039K [0x00000000d5f80000, 0x00000000d8a00000, 0x0000000100000000)
  eden space 33280K, 74% used [0x00000000d5f80000,0x00000000d77d7220,0x00000000d8000000)
  from space 5120K, 99% used [0x00000000d8000000,0x00000000d84feb00,0x00000000d8500000)
  to   space 5120K, 0% used [0x00000000d8500000,0x00000000d8500000,0x00000000d8a00000)
 ParOldGen       total 87552K, used 625K [0x0000000081e00000, 0x0000000087380000, 0x00000000d5f80000)
  object space 87552K, 0% used [0x0000000081e00000,0x0000000081e9c568,0x0000000087380000)
 Metaspace       used 20689K, capacity 21256K, committed 21296K, reserved 1067008K
  class space    used 3035K, capacity 3173K, committed 3200K, reserved 1048576K
Event: 2.574 GC heap after
Heap after GC invocations=2 (full 0):
 PSYoungGen      total 38400K, used 5114K [0x00000000d5f80000, 0x00000000d8a00000, 0x0000000100000000)
  eden space 33280K, 0% used [0x00000000d5f80000,0x00000000d5f80000,0x00000000d8000000)
  from space 5120K, 99% used [0x00000000d8500000,0x00000000d89fe9f0,0x00000000d8a00000)
  to   space 5120K, 0% used [0x00000000d8000000,0x00000000d8000000,0x00000000d8500000)
 ParOldGen       total 87552K, used 1546K [0x0000000081e00000, 0x0000000087380000, 0x00000000d5f80000)
  object space 87552K, 1% used [0x0000000081e00000,0x0000000081f828d8,0x0000000087380000)
 Metaspace       used 20689K, capacity 21256K, committed 21296K, reserved 1067008K
  class space    used 3035K, capacity 3173K, committed 3200K, reserved 1048576K
}
Event: 2.574 GC heap before
{Heap before GC invocations=3 (full 1):
 PSYoungGen      total 38400K, used 5114K [0x00000000d5f80000, 0x00000000d8a00000, 0x0000000100000000)
  eden space 33280K, 0% used [0x00000000d5f80000,0x00000000d5f80000,0x00000000d8000000)
  from space 5120K, 99% used [0x00000000d8500000,0x00000000d89fe9f0,0x00000000d8a00000)
  to   space 5120K, 0% used [0x00000000d8000000,0x00000000d8000000,0x00000000d8500000)
 ParOldGen       total 87552K, used 1546K [0x0000000081e00000, 0x0000000087380000, 0x00000000d5f80000)
  object space 87552K, 1% used [0x0000000081e00000,0x0000000081f828d8,0x0000000087380000)
 Metaspace       used 20689K, capacity 21256K, committed 21296K, reserved 1067008K
  class space    used 3035K, capacity 3173K, committed 3200K, reserved 1048576K
Event: 2.652 GC heap after
Heap after GC invocations=3 (full 1):
 PSYoungGen      total 38400K, used 0K [0x00000000d5f80000, 0x00000000d8a00000, 0x0000000100000000)
  eden space 33280K, 0% used [0x00000000d5f80000,0x00000000d5f80000,0x00000000d8000000)
  from space 5120K, 0% used [0x00000000d8500000,0x00000000d8500000,0x00000000d8a00000)
  to   space 5120K, 0% used [0x00000000d8000000,0x00000000d8000000,0x00000000d8500000)
 ParOldGen       total 67584K, used 5901K [0x0000000081e00000, 0x0000000086000000, 0x00000000d5f80000)
  object space 67584K, 8% used [0x0000000081e00000,0x00000000823c35d8,0x0000000086000000)
 Metaspace       used 20689K, capacity 21256K, committed 21296K, reserved 1067008K
  class space    used 3035K, capacity 3173K, committed 3200K, reserved 1048576K
}
Event: 12.550 GC heap before
{Heap before GC invocations=4 (full 1):
 PSYoungGen      total 38400K, used 33280K [0x00000000d5f80000, 0x00000000d8a00000, 0x0000000100000000)
  eden space 33280K, 100% used [0x00000000d5f80000,0x00000000d8000000,0x00000000d8000000)
  from space 5120K, 0% used [0x00000000d8500000,0x00000000d8500000,0x00000000d8a00000)
  to   space 5120K, 0% used [0x00000000d8000000,0x00000000d8000000,0x00000000d8500000)
 ParOldGen       total 67584K, used 5901K [0x0000000081e00000, 0x0000000086000000, 0x00000000d5f80000)
  object space 67584K, 8% used [0x0000000081e00000,0x00000000823c35d8,0x0000000086000000)
 Metaspace       used 24879K, capacity 25712K, committed 25984K, reserved 1071104K
  class space    used 3663K, capacity 3872K, committed 3968K, reserved 1048576K
Event: 12.556 GC heap after
Heap after GC invocations=4 (full 1):
 PSYoungGen      total 38400K, used 5088K [0x00000000d5f80000, 0x00000000d8f00000, 0x0000000100000000)
  eden space 33280K, 0% used [0x00000000d5f80000,0x00000000d5f80000,0x00000000d8000000)
  from space 5120K, 99% used [0x00000000d8000000,0x00000000d84f8020,0x00000000d8500000)
  to   space 5120K, 0% used [0x00000000d8a00000,0x00000000d8a00000,0x00000000d8f00000)
 ParOldGen       total 67584K, used 10837K [0x0000000081e00000, 0x0000000086000000, 0x00000000d5f80000)
  object space 67584K, 16% used [0x0000000081e00000,0x0000000082895408,0x0000000086000000)
 Metaspace       used 24879K, capacity 25712K, committed 25984K, reserved 1071104K
  class space    used 3663K, capacity 3872K, committed 3968K, reserved 1048576K
}

